

Started GET "/" for 127.0.0.1 at 2014-10-08 10:01:05 -0400
Processing by Rails::WelcomeController#index as HTML
  Rendered /usr/local/lib/ruby/gems/2.0.0/gems/railties-4.1.6/lib/rails/templates/rails/welcome/index.html.erb (1.4ms)
Completed 200 OK in 19ms (Views: 11.7ms | ActiveRecord: 0.0ms)
  [1m[36m (186.6ms)[0m  [1mCREATE TABLE "schema_migrations" ("version" varchar(255) NOT NULL) [0m
  [1m[35m (0.3ms)[0m  select sqlite_version(*)
  [1m[36m (148.6ms)[0m  [1mCREATE UNIQUE INDEX "unique_schema_migrations" ON "schema_migrations" ("version")[0m
  [1m[35mActiveRecord::SchemaMigration Load (0.3ms)[0m  SELECT "schema_migrations".* FROM "schema_migrations"
Migrating to DeviseCreateUsers (20141008145720)
  [1m[36m (0.3ms)[0m  [1mbegin transaction[0m
  [1m[35m (0.7ms)[0m  CREATE TABLE "users" ("id" INTEGER PRIMARY KEY AUTOINCREMENT NOT NULL, "login" varchar(255) DEFAULT '' NOT NULL, "remember_created_at" datetime, "sign_in_count" integer DEFAULT 0, "current_sign_in_at" datetime, "last_sign_in_at" datetime, "current_sign_in_ip" varchar(255), "last_sign_in_ip" varchar(255), "created_at" datetime, "updated_at" datetime) 
  [1m[36m (0.3ms)[0m  [1mCREATE UNIQUE INDEX "index_users_on_login" ON "users" ("login")[0m
  [1m[35mSQL (0.2ms)[0m  INSERT INTO "schema_migrations" ("version") VALUES (?)  [["version", "20141008145720"]]
  [1m[36m (168.7ms)[0m  [1mcommit transaction[0m
  [1m[35mActiveRecord::SchemaMigration Load (0.1ms)[0m  SELECT "schema_migrations".* FROM "schema_migrations"
  [1m[36m (0.1ms)[0m  [1m            SELECT sql
            FROM sqlite_master
            WHERE name='index_users_on_login' AND type='index'
            UNION ALL
            SELECT sql
            FROM sqlite_temp_master
            WHERE name='index_users_on_login' AND type='index'
[0m


Started GET "/" for 127.0.0.1 at 2014-10-08 11:03:41 -0400

NoMethodError (undefined method `devise_for' for #<ActionDispatch::Routing::Mapper:0x007f51dbfb83d8>):
  config/routes.rb:3:in `block in <top (required)>'
  config/routes.rb:1:in `<top (required)>'


  Rendered /usr/local/lib/ruby/gems/2.0.0/gems/actionpack-4.1.6/lib/action_dispatch/middleware/templates/rescues/_source.erb (0.6ms)
  Rendered /usr/local/lib/ruby/gems/2.0.0/gems/actionpack-4.1.6/lib/action_dispatch/middleware/templates/rescues/_trace.html.erb (1.0ms)
  Rendered /usr/local/lib/ruby/gems/2.0.0/gems/actionpack-4.1.6/lib/action_dispatch/middleware/templates/rescues/_request_and_response.html.erb (0.9ms)
  Rendered /usr/local/lib/ruby/gems/2.0.0/gems/actionpack-4.1.6/lib/action_dispatch/middleware/templates/rescues/diagnostics.erb within rescues/layout (251.0ms)


Started GET "/" for 127.0.0.1 at 2014-10-08 11:04:00 -0400
  [1m[36mActiveRecord::SchemaMigration Load (0.3ms)[0m  [1mSELECT "schema_migrations".* FROM "schema_migrations"[0m
Processing by StaticPagesController#home as HTML
  Rendered static_pages/home.html.erb within layouts/application (1.0ms)
Completed 200 OK in 4175ms (Views: 4167.7ms | ActiveRecord: 0.0ms)


Started GET "/assets/bootstrap/affix.js?body=1" for 127.0.0.1 at 2014-10-08 11:04:04 -0400


Started GET "/assets/bootstrap/button.js?body=1" for 127.0.0.1 at 2014-10-08 11:04:04 -0400


Started GET "/assets/bootstrap/carousel.js?body=1" for 127.0.0.1 at 2014-10-08 11:04:04 -0400


Started GET "/assets/bootstrap/collapse.js?body=1" for 127.0.0.1 at 2014-10-08 11:04:04 -0400


Started GET "/assets/bootstrap/alert.js?body=1" for 127.0.0.1 at 2014-10-08 11:04:04 -0400


Started GET "/assets/bootstrap/dropdown.js?body=1" for 127.0.0.1 at 2014-10-08 11:04:04 -0400


Started GET "/assets/application.css?body=1" for 127.0.0.1 at 2014-10-08 11:04:04 -0400


Started GET "/assets/bootstrap/tab.js?body=1" for 127.0.0.1 at 2014-10-08 11:04:04 -0400


Started GET "/assets/bootstrap/transition.js?body=1" for 127.0.0.1 at 2014-10-08 11:04:04 -0400


Started GET "/assets/bootstrap/scrollspy.js?body=1" for 127.0.0.1 at 2014-10-08 11:04:05 -0400


Started GET "/assets/bootstrap/modal.js?body=1" for 127.0.0.1 at 2014-10-08 11:04:05 -0400


Started GET "/assets/bootstrap/tooltip.js?body=1" for 127.0.0.1 at 2014-10-08 11:04:05 -0400


Started GET "/assets/bootstrap/popover.js?body=1" for 127.0.0.1 at 2014-10-08 11:04:05 -0400


Started GET "/assets/bootstrap-sprockets.js?body=1" for 127.0.0.1 at 2014-10-08 11:04:05 -0400


Started GET "/assets/jquery.js?body=1" for 127.0.0.1 at 2014-10-08 11:04:05 -0400


Started GET "/assets/jquery_ujs.js?body=1" for 127.0.0.1 at 2014-10-08 11:04:05 -0400


Started GET "/assets/turbolinks.js?body=1" for 127.0.0.1 at 2014-10-08 11:04:05 -0400


Started GET "/assets/application.js?body=1" for 127.0.0.1 at 2014-10-08 11:04:05 -0400


Started GET "/admin" for 127.0.0.1 at 2014-10-08 11:04:11 -0400

ActionController::RoutingError (No route matches [GET] "/admin"):
  actionpack (4.1.6) lib/action_dispatch/middleware/debug_exceptions.rb:21:in `call'
  actionpack (4.1.6) lib/action_dispatch/middleware/show_exceptions.rb:30:in `call'
  railties (4.1.6) lib/rails/rack/logger.rb:38:in `call_app'
  railties (4.1.6) lib/rails/rack/logger.rb:20:in `block in call'
  activesupport (4.1.6) lib/active_support/tagged_logging.rb:68:in `block in tagged'
  activesupport (4.1.6) lib/active_support/tagged_logging.rb:26:in `tagged'
  activesupport (4.1.6) lib/active_support/tagged_logging.rb:68:in `tagged'
  railties (4.1.6) lib/rails/rack/logger.rb:20:in `call'
  actionpack (4.1.6) lib/action_dispatch/middleware/request_id.rb:21:in `call'
  rack (1.5.2) lib/rack/methodoverride.rb:21:in `call'
  rack (1.5.2) lib/rack/runtime.rb:17:in `call'
  activesupport (4.1.6) lib/active_support/cache/strategy/local_cache_middleware.rb:26:in `call'
  rack (1.5.2) lib/rack/lock.rb:17:in `call'
  actionpack (4.1.6) lib/action_dispatch/middleware/static.rb:64:in `call'
  rack (1.5.2) lib/rack/sendfile.rb:112:in `call'
  railties (4.1.6) lib/rails/engine.rb:514:in `call'
  railties (4.1.6) lib/rails/application.rb:144:in `call'
  rack (1.5.2) lib/rack/lock.rb:17:in `call'
  rack (1.5.2) lib/rack/content_length.rb:14:in `call'
  rack (1.5.2) lib/rack/handler/webrick.rb:60:in `service'
  /usr/local/lib/ruby/2.0.0/webrick/httpserver.rb:138:in `service'
  /usr/local/lib/ruby/2.0.0/webrick/httpserver.rb:94:in `run'
  /usr/local/lib/ruby/2.0.0/webrick/server.rb:295:in `block in start_thread'


  Rendered /usr/local/lib/ruby/gems/2.0.0/gems/actionpack-4.1.6/lib/action_dispatch/middleware/templates/rescues/_trace.html.erb (1.2ms)
  Rendered /usr/local/lib/ruby/gems/2.0.0/gems/actionpack-4.1.6/lib/action_dispatch/middleware/templates/routes/_route.html.erb (0.8ms)
  Rendered /usr/local/lib/ruby/gems/2.0.0/gems/actionpack-4.1.6/lib/action_dispatch/middleware/templates/routes/_table.html.erb (25.3ms)
  Rendered /usr/local/lib/ruby/gems/2.0.0/gems/actionpack-4.1.6/lib/action_dispatch/middleware/templates/rescues/routing_error.html.erb within rescues/layout (66.7ms)


Started GET "/new_user_session_path" for 127.0.0.1 at 2014-10-08 11:04:24 -0400

ActionController::RoutingError (No route matches [GET] "/new_user_session_path"):
  actionpack (4.1.6) lib/action_dispatch/middleware/debug_exceptions.rb:21:in `call'
  actionpack (4.1.6) lib/action_dispatch/middleware/show_exceptions.rb:30:in `call'
  railties (4.1.6) lib/rails/rack/logger.rb:38:in `call_app'
  railties (4.1.6) lib/rails/rack/logger.rb:20:in `block in call'
  activesupport (4.1.6) lib/active_support/tagged_logging.rb:68:in `block in tagged'
  activesupport (4.1.6) lib/active_support/tagged_logging.rb:26:in `tagged'
  activesupport (4.1.6) lib/active_support/tagged_logging.rb:68:in `tagged'
  railties (4.1.6) lib/rails/rack/logger.rb:20:in `call'
  actionpack (4.1.6) lib/action_dispatch/middleware/request_id.rb:21:in `call'
  rack (1.5.2) lib/rack/methodoverride.rb:21:in `call'
  rack (1.5.2) lib/rack/runtime.rb:17:in `call'
  activesupport (4.1.6) lib/active_support/cache/strategy/local_cache_middleware.rb:26:in `call'
  rack (1.5.2) lib/rack/lock.rb:17:in `call'
  actionpack (4.1.6) lib/action_dispatch/middleware/static.rb:64:in `call'
  rack (1.5.2) lib/rack/sendfile.rb:112:in `call'
  railties (4.1.6) lib/rails/engine.rb:514:in `call'
  railties (4.1.6) lib/rails/application.rb:144:in `call'
  rack (1.5.2) lib/rack/lock.rb:17:in `call'
  rack (1.5.2) lib/rack/content_length.rb:14:in `call'
  rack (1.5.2) lib/rack/handler/webrick.rb:60:in `service'
  /usr/local/lib/ruby/2.0.0/webrick/httpserver.rb:138:in `service'
  /usr/local/lib/ruby/2.0.0/webrick/httpserver.rb:94:in `run'
  /usr/local/lib/ruby/2.0.0/webrick/server.rb:295:in `block in start_thread'


  Rendered /usr/local/lib/ruby/gems/2.0.0/gems/actionpack-4.1.6/lib/action_dispatch/middleware/templates/rescues/_trace.html.erb (45.9ms)
  Rendered /usr/local/lib/ruby/gems/2.0.0/gems/actionpack-4.1.6/lib/action_dispatch/middleware/templates/routes/_route.html.erb (0.9ms)
  Rendered /usr/local/lib/ruby/gems/2.0.0/gems/actionpack-4.1.6/lib/action_dispatch/middleware/templates/routes/_table.html.erb (0.9ms)
  Rendered /usr/local/lib/ruby/gems/2.0.0/gems/actionpack-4.1.6/lib/action_dispatch/middleware/templates/rescues/routing_error.html.erb within rescues/layout (58.0ms)


Started GET "/user_session_path" for 127.0.0.1 at 2014-10-08 11:04:29 -0400

ActionController::RoutingError (No route matches [GET] "/user_session_path"):
  actionpack (4.1.6) lib/action_dispatch/middleware/debug_exceptions.rb:21:in `call'
  actionpack (4.1.6) lib/action_dispatch/middleware/show_exceptions.rb:30:in `call'
  railties (4.1.6) lib/rails/rack/logger.rb:38:in `call_app'
  railties (4.1.6) lib/rails/rack/logger.rb:20:in `block in call'
  activesupport (4.1.6) lib/active_support/tagged_logging.rb:68:in `block in tagged'
  activesupport (4.1.6) lib/active_support/tagged_logging.rb:26:in `tagged'
  activesupport (4.1.6) lib/active_support/tagged_logging.rb:68:in `tagged'
  railties (4.1.6) lib/rails/rack/logger.rb:20:in `call'
  actionpack (4.1.6) lib/action_dispatch/middleware/request_id.rb:21:in `call'
  rack (1.5.2) lib/rack/methodoverride.rb:21:in `call'
  rack (1.5.2) lib/rack/runtime.rb:17:in `call'
  activesupport (4.1.6) lib/active_support/cache/strategy/local_cache_middleware.rb:26:in `call'
  rack (1.5.2) lib/rack/lock.rb:17:in `call'
  actionpack (4.1.6) lib/action_dispatch/middleware/static.rb:64:in `call'
  rack (1.5.2) lib/rack/sendfile.rb:112:in `call'
  railties (4.1.6) lib/rails/engine.rb:514:in `call'
  railties (4.1.6) lib/rails/application.rb:144:in `call'
  rack (1.5.2) lib/rack/lock.rb:17:in `call'
  rack (1.5.2) lib/rack/content_length.rb:14:in `call'
  rack (1.5.2) lib/rack/handler/webrick.rb:60:in `service'
  /usr/local/lib/ruby/2.0.0/webrick/httpserver.rb:138:in `service'
  /usr/local/lib/ruby/2.0.0/webrick/httpserver.rb:94:in `run'
  /usr/local/lib/ruby/2.0.0/webrick/server.rb:295:in `block in start_thread'


  Rendered /usr/local/lib/ruby/gems/2.0.0/gems/actionpack-4.1.6/lib/action_dispatch/middleware/templates/rescues/_trace.html.erb (0.9ms)
  Rendered /usr/local/lib/ruby/gems/2.0.0/gems/actionpack-4.1.6/lib/action_dispatch/middleware/templates/routes/_route.html.erb (1.0ms)
  Rendered /usr/local/lib/ruby/gems/2.0.0/gems/actionpack-4.1.6/lib/action_dispatch/middleware/templates/routes/_table.html.erb (0.9ms)
  Rendered /usr/local/lib/ruby/gems/2.0.0/gems/actionpack-4.1.6/lib/action_dispatch/middleware/templates/rescues/routing_error.html.erb within rescues/layout (13.7ms)


Started GET "/users/sign_in" for 127.0.0.1 at 2014-10-08 11:04:43 -0400
Processing by Devise::SessionsController#new as HTML
  Rendered devise/shared/_links.html.erb (0.8ms)
  Rendered devise/sessions/new.html.erb within layouts/application (145.9ms)
Completed 200 OK in 300ms (Views: 254.6ms | ActiveRecord: 0.5ms)


Started GET "/assets/application.css?body=1" for 127.0.0.1 at 2014-10-08 11:04:43 -0400


Started GET "/assets/jquery.js?body=1" for 127.0.0.1 at 2014-10-08 11:04:43 -0400


Started GET "/assets/jquery_ujs.js?body=1" for 127.0.0.1 at 2014-10-08 11:04:43 -0400


Started GET "/assets/turbolinks.js?body=1" for 127.0.0.1 at 2014-10-08 11:04:43 -0400


Started GET "/assets/bootstrap/dropdown.js?body=1" for 127.0.0.1 at 2014-10-08 11:04:43 -0400


Started GET "/assets/bootstrap/alert.js?body=1" for 127.0.0.1 at 2014-10-08 11:04:43 -0400


Started GET "/assets/bootstrap/carousel.js?body=1" for 127.0.0.1 at 2014-10-08 11:04:43 -0400


Started GET "/assets/bootstrap/button.js?body=1" for 127.0.0.1 at 2014-10-08 11:04:43 -0400


Started GET "/assets/bootstrap/collapse.js?body=1" for 127.0.0.1 at 2014-10-08 11:04:43 -0400


Started GET "/assets/bootstrap/affix.js?body=1" for 127.0.0.1 at 2014-10-08 11:04:43 -0400


Started GET "/assets/bootstrap/tab.js?body=1" for 127.0.0.1 at 2014-10-08 11:04:43 -0400


Started GET "/assets/bootstrap/transition.js?body=1" for 127.0.0.1 at 2014-10-08 11:04:43 -0400


Started GET "/assets/bootstrap/scrollspy.js?body=1" for 127.0.0.1 at 2014-10-08 11:04:43 -0400


Started GET "/assets/bootstrap/modal.js?body=1" for 127.0.0.1 at 2014-10-08 11:04:43 -0400


Started GET "/assets/bootstrap/tooltip.js?body=1" for 127.0.0.1 at 2014-10-08 11:04:43 -0400


Started GET "/assets/bootstrap-sprockets.js?body=1" for 127.0.0.1 at 2014-10-08 11:04:43 -0400


Started GET "/assets/bootstrap/popover.js?body=1" for 127.0.0.1 at 2014-10-08 11:04:43 -0400


Started GET "/assets/application.js?body=1" for 127.0.0.1 at 2014-10-08 11:04:43 -0400


Started POST "/users/sign_in" for 127.0.0.1 at 2014-10-08 11:06:16 -0400
Processing by Devise::SessionsController#create as HTML
  Parameters: {"utf8"=>"✓", "authenticity_token"=>"mRJAXh0ovr9tCMO0tcHOORMrXCHhsmG4S77h5qUg/5E=", "user"=>{"login"=>"", "password"=>"[FILTERED]", "remember_me"=>"0"}, "commit"=>"Sign in"}
Completed 401 Unauthorized in 1ms
Processing by Devise::SessionsController#new as HTML
  Parameters: {"utf8"=>"✓", "authenticity_token"=>"mRJAXh0ovr9tCMO0tcHOORMrXCHhsmG4S77h5qUg/5E=", "user"=>{"login"=>"", "password"=>"[FILTERED]", "remember_me"=>"0"}, "commit"=>"Sign in"}
  Rendered devise/shared/_links.html.erb (0.1ms)
  Rendered devise/sessions/new.html.erb within layouts/application (2.3ms)
Completed 200 OK in 122ms (Views: 120.5ms | ActiveRecord: 0.0ms)


Started GET "/assets/application.css?body=1" for 127.0.0.1 at 2014-10-08 11:06:17 -0400


Started GET "/assets/jquery.js?body=1" for 127.0.0.1 at 2014-10-08 11:06:17 -0400


Started GET "/assets/jquery_ujs.js?body=1" for 127.0.0.1 at 2014-10-08 11:06:17 -0400


Started GET "/assets/bootstrap/button.js?body=1" for 127.0.0.1 at 2014-10-08 11:06:17 -0400


Started GET "/assets/bootstrap/carousel.js?body=1" for 127.0.0.1 at 2014-10-08 11:06:17 -0400


Started GET "/assets/bootstrap/alert.js?body=1" for 127.0.0.1 at 2014-10-08 11:06:17 -0400


Started GET "/assets/turbolinks.js?body=1" for 127.0.0.1 at 2014-10-08 11:06:17 -0400


Started GET "/assets/bootstrap/affix.js?body=1" for 127.0.0.1 at 2014-10-08 11:06:17 -0400


Started GET "/assets/bootstrap/tab.js?body=1" for 127.0.0.1 at 2014-10-08 11:06:17 -0400


Started GET "/assets/bootstrap/transition.js?body=1" for 127.0.0.1 at 2014-10-08 11:06:17 -0400


Started GET "/assets/bootstrap/scrollspy.js?body=1" for 127.0.0.1 at 2014-10-08 11:06:17 -0400


Started GET "/assets/bootstrap/tooltip.js?body=1" for 127.0.0.1 at 2014-10-08 11:06:17 -0400


Started GET "/assets/bootstrap/collapse.js?body=1" for 127.0.0.1 at 2014-10-08 11:06:17 -0400


Started GET "/assets/bootstrap/modal.js?body=1" for 127.0.0.1 at 2014-10-08 11:06:17 -0400


Started GET "/assets/bootstrap-sprockets.js?body=1" for 127.0.0.1 at 2014-10-08 11:06:17 -0400


Started GET "/assets/bootstrap/dropdown.js?body=1" for 127.0.0.1 at 2014-10-08 11:06:17 -0400


Started GET "/assets/bootstrap/popover.js?body=1" for 127.0.0.1 at 2014-10-08 11:06:17 -0400


Started GET "/assets/application.js?body=1" for 127.0.0.1 at 2014-10-08 11:06:17 -0400


Started POST "/users/sign_in" for 127.0.0.1 at 2014-10-08 11:06:24 -0400
Processing by Devise::SessionsController#create as HTML
  Parameters: {"utf8"=>"✓", "authenticity_token"=>"mRJAXh0ovr9tCMO0tcHOORMrXCHhsmG4S77h5qUg/5E=", "user"=>{"login"=>"pmd6624", "password"=>"[FILTERED]", "remember_me"=>"0"}, "commit"=>"Sign in"}
  [1m[35mUser Load (0.3ms)[0m  SELECT  "users".* FROM "users"  WHERE "users"."login" = 'pmd6624'  ORDER BY "users"."id" ASC LIMIT 1
Completed 500 Internal Server Error in 62ms

Psych::SyntaxError - (<unknown>): mapping values are not allowed in this context at line 12 column 8:
  /usr/local/lib/ruby/2.0.0/psych.rb:205:in `parse_stream'
  /usr/local/lib/ruby/2.0.0/psych.rb:153:in `parse'
  /usr/local/lib/ruby/2.0.0/psych.rb:129:in `load'
  devise_ldap_authenticatable (0.8.1) lib/devise_ldap_authenticatable/ldap/connection.rb:7:in `initialize'
  devise_ldap_authenticatable (0.8.1) lib/devise_ldap_authenticatable/ldap/adapter.rb:14:in `valid_credentials?'
  devise_ldap_authenticatable (0.8.1) lib/devise_ldap_authenticatable/model.rb:48:in `valid_ldap_authentication?'
  activesupport (4.1.6) lib/active_support/core_ext/object/try.rb:45:in `try'
  devise_ldap_authenticatable (0.8.1) lib/devise_ldap_authenticatable/model.rb:98:in `authenticate_with_ldap'
  devise_ldap_authenticatable (0.8.1) lib/devise_ldap_authenticatable/strategy.rb:7:in `authenticate!'
  warden (1.2.3) lib/warden/strategies/base.rb:53:in `_run!'
  warden (1.2.3) lib/warden/proxy.rb:354:in `block in _run_strategies_for'
  warden (1.2.3) lib/warden/proxy.rb:349:in `_run_strategies_for'
  warden (1.2.3) lib/warden/proxy.rb:319:in `_perform_authentication'
  warden (1.2.3) lib/warden/proxy.rb:127:in `authenticate!'
  devise (3.4.0) app/controllers/devise/sessions_controller.rb:16:in `create'
  actionpack (4.1.6) lib/action_controller/metal/implicit_render.rb:4:in `send_action'
  actionpack (4.1.6) lib/abstract_controller/base.rb:189:in `process_action'
  actionpack (4.1.6) lib/action_controller/metal/rendering.rb:10:in `process_action'
  actionpack (4.1.6) lib/abstract_controller/callbacks.rb:20:in `block in process_action'
  activesupport (4.1.6) lib/active_support/callbacks.rb:113:in `call'
  activesupport (4.1.6) lib/active_support/callbacks.rb:229:in `block in halting'
  activesupport (4.1.6) lib/active_support/callbacks.rb:229:in `block in halting'
  activesupport (4.1.6) lib/active_support/callbacks.rb:166:in `block in halting'
  activesupport (4.1.6) lib/active_support/callbacks.rb:166:in `block in halting'
  activesupport (4.1.6) lib/active_support/callbacks.rb:166:in `block in halting'
  activesupport (4.1.6) lib/active_support/callbacks.rb:166:in `block in halting'
  activesupport (4.1.6) lib/active_support/callbacks.rb:149:in `block in halting_and_conditional'
  activesupport (4.1.6) lib/active_support/callbacks.rb:149:in `block in halting_and_conditional'
  activesupport (4.1.6) lib/active_support/callbacks.rb:149:in `block in halting_and_conditional'
  activesupport (4.1.6) lib/active_support/callbacks.rb:149:in `block in halting_and_conditional'
  activesupport (4.1.6) lib/active_support/callbacks.rb:86:in `run_callbacks'
  actionpack (4.1.6) lib/abstract_controller/callbacks.rb:19:in `process_action'
  actionpack (4.1.6) lib/action_controller/metal/rescue.rb:29:in `process_action'
  actionpack (4.1.6) lib/action_controller/metal/instrumentation.rb:31:in `block in process_action'
  activesupport (4.1.6) lib/active_support/notifications.rb:159:in `block in instrument'
  activesupport (4.1.6) lib/active_support/notifications/instrumenter.rb:20:in `instrument'
  activesupport (4.1.6) lib/active_support/notifications.rb:159:in `instrument'
  actionpack (4.1.6) lib/action_controller/metal/instrumentation.rb:30:in `process_action'
  actionpack (4.1.6) lib/action_controller/metal/params_wrapper.rb:250:in `process_action'
  activerecord (4.1.6) lib/active_record/railties/controller_runtime.rb:18:in `process_action'
  actionpack (4.1.6) lib/abstract_controller/base.rb:136:in `process'
  actionview (4.1.6) lib/action_view/rendering.rb:30:in `process'
  actionpack (4.1.6) lib/action_controller/metal.rb:196:in `dispatch'
  actionpack (4.1.6) lib/action_controller/metal/rack_delegation.rb:13:in `dispatch'
  actionpack (4.1.6) lib/action_controller/metal.rb:232:in `block in action'
  actionpack (4.1.6) lib/action_dispatch/routing/route_set.rb:82:in `dispatch'
  actionpack (4.1.6) lib/action_dispatch/routing/route_set.rb:50:in `call'
  actionpack (4.1.6) lib/action_dispatch/routing/mapper.rb:45:in `call'
  actionpack (4.1.6) lib/action_dispatch/journey/router.rb:73:in `block in call'
  actionpack (4.1.6) lib/action_dispatch/journey/router.rb:59:in `call'
  actionpack (4.1.6) lib/action_dispatch/routing/route_set.rb:678:in `call'
  warden (1.2.3) lib/warden/manager.rb:35:in `block in call'
  warden (1.2.3) lib/warden/manager.rb:34:in `call'
  rack (1.5.2) lib/rack/etag.rb:23:in `call'
  rack (1.5.2) lib/rack/conditionalget.rb:35:in `call'
  rack (1.5.2) lib/rack/head.rb:11:in `call'
  actionpack (4.1.6) lib/action_dispatch/middleware/params_parser.rb:27:in `call'
  actionpack (4.1.6) lib/action_dispatch/middleware/flash.rb:254:in `call'
  rack (1.5.2) lib/rack/session/abstract/id.rb:225:in `context'
  rack (1.5.2) lib/rack/session/abstract/id.rb:220:in `call'
  actionpack (4.1.6) lib/action_dispatch/middleware/cookies.rb:560:in `call'
  activerecord (4.1.6) lib/active_record/query_cache.rb:36:in `call'
  activerecord (4.1.6) lib/active_record/connection_adapters/abstract/connection_pool.rb:621:in `call'
  activerecord (4.1.6) lib/active_record/migration.rb:380:in `call'
  actionpack (4.1.6) lib/action_dispatch/middleware/callbacks.rb:29:in `block in call'
  activesupport (4.1.6) lib/active_support/callbacks.rb:82:in `run_callbacks'
  actionpack (4.1.6) lib/action_dispatch/middleware/callbacks.rb:27:in `call'
  actionpack (4.1.6) lib/action_dispatch/middleware/reloader.rb:73:in `call'
  actionpack (4.1.6) lib/action_dispatch/middleware/remote_ip.rb:76:in `call'
  better_errors (1.0.1) lib/better_errors/middleware.rb:84:in `protected_app_call'
  better_errors (1.0.1) lib/better_errors/middleware.rb:79:in `better_errors_call'
  better_errors (1.0.1) lib/better_errors/middleware.rb:56:in `call'
  actionpack (4.1.6) lib/action_dispatch/middleware/debug_exceptions.rb:17:in `call'
  actionpack (4.1.6) lib/action_dispatch/middleware/show_exceptions.rb:30:in `call'
  railties (4.1.6) lib/rails/rack/logger.rb:38:in `call_app'
  railties (4.1.6) lib/rails/rack/logger.rb:20:in `block in call'
  activesupport (4.1.6) lib/active_support/tagged_logging.rb:68:in `block in tagged'
  activesupport (4.1.6) lib/active_support/tagged_logging.rb:26:in `tagged'
  activesupport (4.1.6) lib/active_support/tagged_logging.rb:68:in `tagged'
  railties (4.1.6) lib/rails/rack/logger.rb:20:in `call'
  actionpack (4.1.6) lib/action_dispatch/middleware/request_id.rb:21:in `call'
  rack (1.5.2) lib/rack/methodoverride.rb:21:in `call'
  rack (1.5.2) lib/rack/runtime.rb:17:in `call'
  activesupport (4.1.6) lib/active_support/cache/strategy/local_cache_middleware.rb:26:in `call'
  rack (1.5.2) lib/rack/lock.rb:17:in `call'
  actionpack (4.1.6) lib/action_dispatch/middleware/static.rb:64:in `call'
  rack (1.5.2) lib/rack/sendfile.rb:112:in `call'
  railties (4.1.6) lib/rails/engine.rb:514:in `call'
  railties (4.1.6) lib/rails/application.rb:144:in `call'
  rack (1.5.2) lib/rack/lock.rb:17:in `call'
  rack (1.5.2) lib/rack/content_length.rb:14:in `call'
  rack (1.5.2) lib/rack/handler/webrick.rb:60:in `service'
  /usr/local/lib/ruby/2.0.0/webrick/httpserver.rb:138:in `service'
  /usr/local/lib/ruby/2.0.0/webrick/httpserver.rb:94:in `run'
  /usr/local/lib/ruby/2.0.0/webrick/server.rb:295:in `block in start_thread'



Started POST "/__better_errors/70328839378220/variables" for 127.0.0.1 at 2014-10-08 11:06:25 -0400


Started GET "/assets/jquery.js?body=1" for 127.0.0.1 at 2014-10-08 11:06:31 -0400


Started GET "/assets/jquery_ujs.js?body=1" for 127.0.0.1 at 2014-10-08 11:06:31 -0400


Started GET "/assets/application.css?body=1" for 127.0.0.1 at 2014-10-08 11:06:31 -0400


Started GET "/assets/turbolinks.js?body=1" for 127.0.0.1 at 2014-10-08 11:06:31 -0400


Started GET "/assets/bootstrap/affix.js?body=1" for 127.0.0.1 at 2014-10-08 11:06:31 -0400


Started GET "/assets/bootstrap/alert.js?body=1" for 127.0.0.1 at 2014-10-08 11:06:31 -0400


Started GET "/assets/bootstrap/button.js?body=1" for 127.0.0.1 at 2014-10-08 11:06:31 -0400


Started GET "/assets/bootstrap/carousel.js?body=1" for 127.0.0.1 at 2014-10-08 11:06:31 -0400


Started GET "/assets/bootstrap/collapse.js?body=1" for 127.0.0.1 at 2014-10-08 11:06:31 -0400


Started GET "/assets/bootstrap/dropdown.js?body=1" for 127.0.0.1 at 2014-10-08 11:06:31 -0400


Started GET "/assets/bootstrap/scrollspy.js?body=1" for 127.0.0.1 at 2014-10-08 11:06:31 -0400


Started GET "/assets/bootstrap/tab.js?body=1" for 127.0.0.1 at 2014-10-08 11:06:31 -0400


Started GET "/assets/bootstrap/transition.js?body=1" for 127.0.0.1 at 2014-10-08 11:06:31 -0400


Started GET "/assets/bootstrap/modal.js?body=1" for 127.0.0.1 at 2014-10-08 11:06:31 -0400


Started GET "/assets/bootstrap/tooltip.js?body=1" for 127.0.0.1 at 2014-10-08 11:06:31 -0400


Started GET "/assets/bootstrap-sprockets.js?body=1" for 127.0.0.1 at 2014-10-08 11:06:31 -0400


Started GET "/assets/application.js?body=1" for 127.0.0.1 at 2014-10-08 11:06:31 -0400


Started GET "/assets/bootstrap/popover.js?body=1" for 127.0.0.1 at 2014-10-08 11:06:31 -0400


Started POST "/users/sign_in" for 127.0.0.1 at 2014-10-08 11:06:41 -0400
Processing by Devise::SessionsController#create as HTML
  Parameters: {"utf8"=>"✓", "authenticity_token"=>"mRJAXh0ovr9tCMO0tcHOORMrXCHhsmG4S77h5qUg/5E=", "user"=>{"login"=>"pmd6624", "password"=>"[FILTERED]", "remember_me"=>"0"}, "commit"=>"Sign in"}
  [1m[36mUser Load (0.2ms)[0m  [1mSELECT  "users".* FROM "users"  WHERE "users"."login" = 'pmd6624'  ORDER BY "users"."id" ASC LIMIT 1[0m
Completed 500 Internal Server Error in 4ms

Psych::SyntaxError - (<unknown>): mapping values are not allowed in this context at line 12 column 8:
  /usr/local/lib/ruby/2.0.0/psych.rb:205:in `parse_stream'
  /usr/local/lib/ruby/2.0.0/psych.rb:153:in `parse'
  /usr/local/lib/ruby/2.0.0/psych.rb:129:in `load'
  devise_ldap_authenticatable (0.8.1) lib/devise_ldap_authenticatable/ldap/connection.rb:7:in `initialize'
  devise_ldap_authenticatable (0.8.1) lib/devise_ldap_authenticatable/ldap/adapter.rb:14:in `valid_credentials?'
  devise_ldap_authenticatable (0.8.1) lib/devise_ldap_authenticatable/model.rb:48:in `valid_ldap_authentication?'
  activesupport (4.1.6) lib/active_support/core_ext/object/try.rb:45:in `try'
  devise_ldap_authenticatable (0.8.1) lib/devise_ldap_authenticatable/model.rb:98:in `authenticate_with_ldap'
  devise_ldap_authenticatable (0.8.1) lib/devise_ldap_authenticatable/strategy.rb:7:in `authenticate!'
  warden (1.2.3) lib/warden/strategies/base.rb:53:in `_run!'
  warden (1.2.3) lib/warden/proxy.rb:354:in `block in _run_strategies_for'
  warden (1.2.3) lib/warden/proxy.rb:349:in `_run_strategies_for'
  warden (1.2.3) lib/warden/proxy.rb:319:in `_perform_authentication'
  warden (1.2.3) lib/warden/proxy.rb:127:in `authenticate!'
  devise (3.4.0) app/controllers/devise/sessions_controller.rb:16:in `create'
  actionpack (4.1.6) lib/action_controller/metal/implicit_render.rb:4:in `send_action'
  actionpack (4.1.6) lib/abstract_controller/base.rb:189:in `process_action'
  actionpack (4.1.6) lib/action_controller/metal/rendering.rb:10:in `process_action'
  actionpack (4.1.6) lib/abstract_controller/callbacks.rb:20:in `block in process_action'
  activesupport (4.1.6) lib/active_support/callbacks.rb:113:in `call'
  activesupport (4.1.6) lib/active_support/callbacks.rb:229:in `block in halting'
  activesupport (4.1.6) lib/active_support/callbacks.rb:229:in `block in halting'
  activesupport (4.1.6) lib/active_support/callbacks.rb:166:in `block in halting'
  activesupport (4.1.6) lib/active_support/callbacks.rb:166:in `block in halting'
  activesupport (4.1.6) lib/active_support/callbacks.rb:166:in `block in halting'
  activesupport (4.1.6) lib/active_support/callbacks.rb:166:in `block in halting'
  activesupport (4.1.6) lib/active_support/callbacks.rb:149:in `block in halting_and_conditional'
  activesupport (4.1.6) lib/active_support/callbacks.rb:149:in `block in halting_and_conditional'
  activesupport (4.1.6) lib/active_support/callbacks.rb:149:in `block in halting_and_conditional'
  activesupport (4.1.6) lib/active_support/callbacks.rb:149:in `block in halting_and_conditional'
  activesupport (4.1.6) lib/active_support/callbacks.rb:86:in `run_callbacks'
  actionpack (4.1.6) lib/abstract_controller/callbacks.rb:19:in `process_action'
  actionpack (4.1.6) lib/action_controller/metal/rescue.rb:29:in `process_action'
  actionpack (4.1.6) lib/action_controller/metal/instrumentation.rb:31:in `block in process_action'
  activesupport (4.1.6) lib/active_support/notifications.rb:159:in `block in instrument'
  activesupport (4.1.6) lib/active_support/notifications/instrumenter.rb:20:in `instrument'
  activesupport (4.1.6) lib/active_support/notifications.rb:159:in `instrument'
  actionpack (4.1.6) lib/action_controller/metal/instrumentation.rb:30:in `process_action'
  actionpack (4.1.6) lib/action_controller/metal/params_wrapper.rb:250:in `process_action'
  activerecord (4.1.6) lib/active_record/railties/controller_runtime.rb:18:in `process_action'
  actionpack (4.1.6) lib/abstract_controller/base.rb:136:in `process'
  actionview (4.1.6) lib/action_view/rendering.rb:30:in `process'
  actionpack (4.1.6) lib/action_controller/metal.rb:196:in `dispatch'
  actionpack (4.1.6) lib/action_controller/metal/rack_delegation.rb:13:in `dispatch'
  actionpack (4.1.6) lib/action_controller/metal.rb:232:in `block in action'
  actionpack (4.1.6) lib/action_dispatch/routing/route_set.rb:82:in `dispatch'
  actionpack (4.1.6) lib/action_dispatch/routing/route_set.rb:50:in `call'
  actionpack (4.1.6) lib/action_dispatch/routing/mapper.rb:45:in `call'
  actionpack (4.1.6) lib/action_dispatch/journey/router.rb:73:in `block in call'
  actionpack (4.1.6) lib/action_dispatch/journey/router.rb:59:in `call'
  actionpack (4.1.6) lib/action_dispatch/routing/route_set.rb:678:in `call'
  warden (1.2.3) lib/warden/manager.rb:35:in `block in call'
  warden (1.2.3) lib/warden/manager.rb:34:in `call'
  rack (1.5.2) lib/rack/etag.rb:23:in `call'
  rack (1.5.2) lib/rack/conditionalget.rb:35:in `call'
  rack (1.5.2) lib/rack/head.rb:11:in `call'
  actionpack (4.1.6) lib/action_dispatch/middleware/params_parser.rb:27:in `call'
  actionpack (4.1.6) lib/action_dispatch/middleware/flash.rb:254:in `call'
  rack (1.5.2) lib/rack/session/abstract/id.rb:225:in `context'
  rack (1.5.2) lib/rack/session/abstract/id.rb:220:in `call'
  actionpack (4.1.6) lib/action_dispatch/middleware/cookies.rb:560:in `call'
  activerecord (4.1.6) lib/active_record/query_cache.rb:36:in `call'
  activerecord (4.1.6) lib/active_record/connection_adapters/abstract/connection_pool.rb:621:in `call'
  activerecord (4.1.6) lib/active_record/migration.rb:380:in `call'
  actionpack (4.1.6) lib/action_dispatch/middleware/callbacks.rb:29:in `block in call'
  activesupport (4.1.6) lib/active_support/callbacks.rb:82:in `run_callbacks'
  actionpack (4.1.6) lib/action_dispatch/middleware/callbacks.rb:27:in `call'
  actionpack (4.1.6) lib/action_dispatch/middleware/reloader.rb:73:in `call'
  actionpack (4.1.6) lib/action_dispatch/middleware/remote_ip.rb:76:in `call'
  better_errors (1.0.1) lib/better_errors/middleware.rb:84:in `protected_app_call'
  better_errors (1.0.1) lib/better_errors/middleware.rb:79:in `better_errors_call'
  better_errors (1.0.1) lib/better_errors/middleware.rb:56:in `call'
  actionpack (4.1.6) lib/action_dispatch/middleware/debug_exceptions.rb:17:in `call'
  actionpack (4.1.6) lib/action_dispatch/middleware/show_exceptions.rb:30:in `call'
  railties (4.1.6) lib/rails/rack/logger.rb:38:in `call_app'
  railties (4.1.6) lib/rails/rack/logger.rb:20:in `block in call'
  activesupport (4.1.6) lib/active_support/tagged_logging.rb:68:in `block in tagged'
  activesupport (4.1.6) lib/active_support/tagged_logging.rb:26:in `tagged'
  activesupport (4.1.6) lib/active_support/tagged_logging.rb:68:in `tagged'
  railties (4.1.6) lib/rails/rack/logger.rb:20:in `call'
  actionpack (4.1.6) lib/action_dispatch/middleware/request_id.rb:21:in `call'
  rack (1.5.2) lib/rack/methodoverride.rb:21:in `call'
  rack (1.5.2) lib/rack/runtime.rb:17:in `call'
  activesupport (4.1.6) lib/active_support/cache/strategy/local_cache_middleware.rb:26:in `call'
  rack (1.5.2) lib/rack/lock.rb:17:in `call'
  actionpack (4.1.6) lib/action_dispatch/middleware/static.rb:64:in `call'
  rack (1.5.2) lib/rack/sendfile.rb:112:in `call'
  railties (4.1.6) lib/rails/engine.rb:514:in `call'
  railties (4.1.6) lib/rails/application.rb:144:in `call'
  rack (1.5.2) lib/rack/lock.rb:17:in `call'
  rack (1.5.2) lib/rack/content_length.rb:14:in `call'
  rack (1.5.2) lib/rack/handler/webrick.rb:60:in `service'
  /usr/local/lib/ruby/2.0.0/webrick/httpserver.rb:138:in `service'
  /usr/local/lib/ruby/2.0.0/webrick/httpserver.rb:94:in `run'
  /usr/local/lib/ruby/2.0.0/webrick/server.rb:295:in `block in start_thread'



Started POST "/__better_errors/70328837360300/variables" for 127.0.0.1 at 2014-10-08 11:06:41 -0400


Started GET "/users/sign_in" for 127.0.0.1 at 2014-10-08 11:08:02 -0400
Processing by Devise::SessionsController#new as HTML
  Rendered devise/shared/_links.html.erb (0.1ms)
  Rendered devise/sessions/new.html.erb within layouts/application (2.7ms)
Completed 200 OK in 116ms (Views: 114.6ms | ActiveRecord: 0.0ms)


Started GET "/users/sign_in" for 127.0.0.1 at 2014-10-08 11:08:02 -0400
Processing by Devise::SessionsController#new as HTML
  Rendered devise/shared/_links.html.erb (0.1ms)
  Rendered devise/sessions/new.html.erb within layouts/application (4.1ms)
Completed 200 OK in 75ms (Views: 73.3ms | ActiveRecord: 0.0ms)


Started GET "/assets/application.css?body=1" for 127.0.0.1 at 2014-10-08 11:08:03 -0400


Started GET "/assets/jquery.js?body=1" for 127.0.0.1 at 2014-10-08 11:08:03 -0400


Started GET "/assets/jquery_ujs.js?body=1" for 127.0.0.1 at 2014-10-08 11:08:03 -0400


Started GET "/assets/bootstrap/affix.js?body=1" for 127.0.0.1 at 2014-10-08 11:08:03 -0400


Started GET "/assets/turbolinks.js?body=1" for 127.0.0.1 at 2014-10-08 11:08:03 -0400


Started GET "/assets/bootstrap/button.js?body=1" for 127.0.0.1 at 2014-10-08 11:08:03 -0400


Started GET "/assets/bootstrap/alert.js?body=1" for 127.0.0.1 at 2014-10-08 11:08:03 -0400


Started GET "/assets/bootstrap/carousel.js?body=1" for 127.0.0.1 at 2014-10-08 11:08:03 -0400


Started GET "/assets/bootstrap/dropdown.js?body=1" for 127.0.0.1 at 2014-10-08 11:08:03 -0400


Started GET "/assets/bootstrap/tab.js?body=1" for 127.0.0.1 at 2014-10-08 11:08:03 -0400


Started GET "/assets/bootstrap/collapse.js?body=1" for 127.0.0.1 at 2014-10-08 11:08:03 -0400


Started GET "/assets/bootstrap/transition.js?body=1" for 127.0.0.1 at 2014-10-08 11:08:03 -0400


Started GET "/assets/bootstrap/scrollspy.js?body=1" for 127.0.0.1 at 2014-10-08 11:08:03 -0400


Started GET "/assets/bootstrap/modal.js?body=1" for 127.0.0.1 at 2014-10-08 11:08:03 -0400


Started GET "/assets/bootstrap/popover.js?body=1" for 127.0.0.1 at 2014-10-08 11:08:03 -0400


Started GET "/assets/bootstrap-sprockets.js?body=1" for 127.0.0.1 at 2014-10-08 11:08:03 -0400


Started GET "/assets/bootstrap/tooltip.js?body=1" for 127.0.0.1 at 2014-10-08 11:08:03 -0400


Started GET "/assets/application.js?body=1" for 127.0.0.1 at 2014-10-08 11:08:03 -0400


Started GET "/users/sign_in" for 127.0.0.1 at 2014-10-08 11:08:03 -0400
Processing by Devise::SessionsController#new as HTML
  Rendered devise/shared/_links.html.erb (0.1ms)
  Rendered devise/sessions/new.html.erb within layouts/application (4.0ms)
Completed 200 OK in 122ms (Views: 119.8ms | ActiveRecord: 0.0ms)


Started GET "/assets/application.css?body=1" for 127.0.0.1 at 2014-10-08 11:08:03 -0400


Started GET "/assets/jquery.js?body=1" for 127.0.0.1 at 2014-10-08 11:08:03 -0400


Started GET "/assets/bootstrap/affix.js?body=1" for 127.0.0.1 at 2014-10-08 11:08:03 -0400


Started GET "/assets/turbolinks.js?body=1" for 127.0.0.1 at 2014-10-08 11:08:03 -0400


Started GET "/assets/jquery_ujs.js?body=1" for 127.0.0.1 at 2014-10-08 11:08:03 -0400


Started GET "/assets/bootstrap/alert.js?body=1" for 127.0.0.1 at 2014-10-08 11:08:03 -0400


Started GET "/assets/bootstrap/button.js?body=1" for 127.0.0.1 at 2014-10-08 11:08:03 -0400


Started GET "/assets/bootstrap/collapse.js?body=1" for 127.0.0.1 at 2014-10-08 11:08:03 -0400


Started GET "/assets/bootstrap/transition.js?body=1" for 127.0.0.1 at 2014-10-08 11:08:03 -0400


Started GET "/assets/bootstrap/dropdown.js?body=1" for 127.0.0.1 at 2014-10-08 11:08:03 -0400


Started GET "/assets/bootstrap/scrollspy.js?body=1" for 127.0.0.1 at 2014-10-08 11:08:03 -0400


Started GET "/assets/bootstrap/tooltip.js?body=1" for 127.0.0.1 at 2014-10-08 11:08:03 -0400


Started GET "/assets/bootstrap/carousel.js?body=1" for 127.0.0.1 at 2014-10-08 11:08:03 -0400


Started GET "/assets/bootstrap/modal.js?body=1" for 127.0.0.1 at 2014-10-08 11:08:03 -0400


Started GET "/assets/bootstrap-sprockets.js?body=1" for 127.0.0.1 at 2014-10-08 11:08:03 -0400


Started GET "/assets/bootstrap/popover.js?body=1" for 127.0.0.1 at 2014-10-08 11:08:03 -0400


Started GET "/assets/bootstrap/tab.js?body=1" for 127.0.0.1 at 2014-10-08 11:08:03 -0400


Started GET "/assets/application.js?body=1" for 127.0.0.1 at 2014-10-08 11:08:03 -0400


Started POST "/users/sign_in" for 127.0.0.1 at 2014-10-08 11:08:10 -0400
Processing by Devise::SessionsController#create as HTML
  Parameters: {"utf8"=>"✓", "authenticity_token"=>"mRJAXh0ovr9tCMO0tcHOORMrXCHhsmG4S77h5qUg/5E=", "user"=>{"login"=>"pmd6624", "password"=>"[FILTERED]", "remember_me"=>"0"}, "commit"=>"Sign in"}
  [1m[35mUser Load (0.3ms)[0m  SELECT  "users".* FROM "users"  WHERE "users"."login" = 'pmd6624'  ORDER BY "users"."id" ASC LIMIT 1
  [36mLDAP:[0m LDAP dn lookup: uid=pmd6624
  [36mLDAP:[0m LDAP search for login: uid=pmd6624
  [36mLDAP:[0m LDAP search yielded 1 matches
  [36mLDAP:[0m Authorizing user uid=pmd6624,ou=People,dc=rit,dc=edu
  [36mLDAP:[0m LDAP dn lookup: uid=pmd6624
  [36mLDAP:[0m LDAP search for login: uid=pmd6624
  [36mLDAP:[0m LDAP search yielded 1 matches
  [1m[36m (0.2ms)[0m  [1mbegin transaction[0m
  [1m[35mSQL (0.5ms)[0m  INSERT INTO "users" ("created_at", "login", "updated_at") VALUES (?, ?, ?)  [["created_at", "2014-10-08 15:08:10.338133"], ["login", "pmd6624"], ["updated_at", "2014-10-08 15:08:10.338133"]]
  [1m[36m (164.1ms)[0m  [1mcommit transaction[0m
  [1m[35m (0.1ms)[0m  begin transaction
Binary data inserted for `string` type on column `current_sign_in_ip`
Binary data inserted for `string` type on column `last_sign_in_ip`
  [1m[36mSQL (0.2ms)[0m  [1mUPDATE "users" SET "current_sign_in_at" = ?, "current_sign_in_ip" = ?, "last_sign_in_at" = ?, "last_sign_in_ip" = ?, "sign_in_count" = ?, "updated_at" = ? WHERE "users"."id" = 1[0m  [["current_sign_in_at", "2014-10-08 15:08:10.507152"], ["current_sign_in_ip", "127.0.0.1"], ["last_sign_in_at", "2014-10-08 15:08:10.507152"], ["last_sign_in_ip", "127.0.0.1"], ["sign_in_count", 1], ["updated_at", "2014-10-08 15:08:10.508020"]]
  [1m[35m (139.3ms)[0m  commit transaction
Redirected to http://localhost:3000/
Completed 302 Found in 671ms (ActiveRecord: 304.5ms)


Started GET "/" for 127.0.0.1 at 2014-10-08 11:08:10 -0400
Processing by StaticPagesController#home as HTML
  Rendered static_pages/home.html.erb within layouts/application (0.1ms)
Completed 200 OK in 65ms (Views: 64.5ms | ActiveRecord: 0.0ms)


Started GET "/assets/application.css?body=1" for 127.0.0.1 at 2014-10-08 11:08:10 -0400


Started GET "/assets/jquery_ujs.js?body=1" for 127.0.0.1 at 2014-10-08 11:08:10 -0400


Started GET "/assets/jquery.js?body=1" for 127.0.0.1 at 2014-10-08 11:08:10 -0400


Started GET "/assets/turbolinks.js?body=1" for 127.0.0.1 at 2014-10-08 11:08:10 -0400


Started GET "/assets/bootstrap/affix.js?body=1" for 127.0.0.1 at 2014-10-08 11:08:10 -0400


Started GET "/assets/bootstrap/alert.js?body=1" for 127.0.0.1 at 2014-10-08 11:08:10 -0400


Started GET "/assets/bootstrap/button.js?body=1" for 127.0.0.1 at 2014-10-08 11:08:10 -0400


Started GET "/assets/bootstrap/carousel.js?body=1" for 127.0.0.1 at 2014-10-08 11:08:10 -0400


Started GET "/assets/bootstrap/collapse.js?body=1" for 127.0.0.1 at 2014-10-08 11:08:10 -0400


Started GET "/assets/bootstrap/dropdown.js?body=1" for 127.0.0.1 at 2014-10-08 11:08:10 -0400


Started GET "/assets/bootstrap/modal.js?body=1" for 127.0.0.1 at 2014-10-08 11:08:10 -0400


Started GET "/assets/bootstrap/tab.js?body=1" for 127.0.0.1 at 2014-10-08 11:08:10 -0400


Started GET "/assets/bootstrap/transition.js?body=1" for 127.0.0.1 at 2014-10-08 11:08:10 -0400


Started GET "/assets/bootstrap/scrollspy.js?body=1" for 127.0.0.1 at 2014-10-08 11:08:10 -0400


Started GET "/assets/bootstrap/tooltip.js?body=1" for 127.0.0.1 at 2014-10-08 11:08:10 -0400


Started GET "/assets/application.js?body=1" for 127.0.0.1 at 2014-10-08 11:08:10 -0400


Started GET "/assets/bootstrap/popover.js?body=1" for 127.0.0.1 at 2014-10-08 11:08:10 -0400


Started GET "/assets/bootstrap-sprockets.js?body=1" for 127.0.0.1 at 2014-10-08 11:08:10 -0400
